jue nov 23 16:25:40 CST 2017 ------------BEGIN------------
jue nov 23 16:25:51 CST 2017 ------------FINISH-----------
jue nov 23 20:00:02 CST 2017 ------------BEGIN------------
jue nov 23 20:02:01 CST 2017 ------------FINISH-----------
vie nov 24 20:00:01 CST 2017 ------------BEGIN------------
vie nov 24 20:50:19 CST 2017 ------------FINISH-----------
sáb nov 25 20:00:01 CST 2017 ------------BEGIN------------
sáb nov 25 20:00:28 CST 2017 ------------FINISH-----------
dom nov 26 20:00:01 CST 2017 ------------BEGIN------------
dom nov 26 20:00:28 CST 2017 ------------FINISH-----------
lun nov 27 20:00:02 CST 2017 ------------BEGIN------------
lun nov 27 21:37:04 CST 2017 ------------FINISH-----------
mar nov 28 20:00:02 CST 2017 ------------BEGIN------------
mar nov 28 20:48:37 CST 2017 ------------FINISH-----------
mié nov 29 20:00:01 CST 2017 ------------BEGIN------------
mié nov 29 20:21:17 CST 2017 ------------FINISH-----------
jue nov 30 20:00:02 CST 2017 ------------BEGIN------------
jue nov 30 20:17:27 CST 2017 ------------FINISH-----------
vie dic 1 20:00:01 CST 2017 ------------BEGIN------------
vie dic 1 20:22:57 CST 2017 ------------FINISH-----------
sáb dic 2 20:00:02 CST 2017 ------------BEGIN------------
sáb dic 2 20:00:17 CST 2017 ------------FINISH-----------
dom dic 3 20:00:02 CST 2017 ------------BEGIN------------
dom dic 3 20:00:16 CST 2017 ------------FINISH-----------
lun dic 4 20:00:01 CST 2017 ------------BEGIN------------
lun dic 4 21:38:12 CST 2017 ------------FINISH-----------
mar dic 5 20:00:01 CST 2017 ------------BEGIN------------
mar dic 5 20:00:51 CST 2017 ------------FINISH-----------
mié dic 6 20:00:01 CST 2017 ------------BEGIN------------
mié dic 6 21:06:21 CST 2017 ------------FINISH-----------
jue dic 7 20:00:01 CST 2017 ------------BEGIN------------
jue dic 7 20:02:36 CST 2017 ------------FINISH-----------
vie dic 8 23:00:02 CST 2017 ------------BEGIN------------
vie dic 8 23:35:26 CST 2017 ------------FINISH-----------
sáb dic 9 23:00:01 CST 2017 ------------BEGIN------------
sáb dic 9 23:01:39 CST 2017 ------------FINISH-----------
dom dic 10 23:00:01 CST 2017 ------------BEGIN------------
dom dic 10 23:01:39 CST 2017 ------------FINISH-----------
lun dic 11 23:00:02 CST 2017 ------------BEGIN------------
lun dic 11 23:00:28 CST 2017 ------------FINISH-----------
mar dic 12 23:00:01 CST 2017 ------------BEGIN------------
mar dic 12 23:00:25 CST 2017 ------------FINISH-----------
mié dic 13 23:00:02 CST 2017 ------------BEGIN------------
jue dic 14 01:51:16 CST 2017 ------------FINISH-----------
jue dic 14 23:00:02 CST 2017 ------------BEGIN------------
jue dic 14 23:51:27 CST 2017 ------------FINISH-----------
vie dic 15 23:00:01 CST 2017 ------------BEGIN------------
vie dic 15 23:30:15 CST 2017 ------------FINISH-----------
sáb dic 16 23:00:02 CST 2017 ------------BEGIN------------
sáb dic 16 23:00:20 CST 2017 ------------FINISH-----------
dom dic 17 23:00:01 CST 2017 ------------BEGIN------------
dom dic 17 23:00:18 CST 2017 ------------FINISH-----------
lun dic 18 23:00:02 CST 2017 ------------BEGIN------------
lun dic 18 23:00:22 CST 2017 ------------FINISH-----------
mar dic 19 23:00:02 CST 2017 ------------BEGIN------------
mié dic 20 01:07:53 CST 2017 ------------FINISH-----------
mié dic 20 23:00:01 CST 2017 ------------BEGIN------------
mié dic 20 23:00:26 CST 2017 ------------FINISH-----------
jue dic 21 23:00:01 CST 2017 ------------BEGIN------------
jue dic 21 23:00:01 CST 2017 ------------FINISH-----------
vie dic 22 23:00:01 CST 2017 ------------BEGIN------------
vie dic 22 23:00:01 CST 2017 ------------FINISH-----------
sáb dic 23 23:00:01 CST 2017 ------------BEGIN------------
sáb dic 23 23:00:01 CST 2017 ------------FINISH-----------
dom dic 24 23:00:01 CST 2017 ------------BEGIN------------
dom dic 24 23:00:01 CST 2017 ------------FINISH-----------
lun dic 25 23:00:01 CST 2017 ------------BEGIN------------
lun dic 25 23:00:01 CST 2017 ------------FINISH-----------
mar dic 26 23:00:01 CST 2017 ------------BEGIN------------
mar dic 26 23:00:01 CST 2017 ------------FINISH-----------
mié dic 27 23:00:01 CST 2017 ------------BEGIN------------
mié dic 27 23:00:01 CST 2017 ------------FINISH-----------
jue dic 28 23:00:01 CST 2017 ------------BEGIN------------
jue dic 28 23:00:01 CST 2017 ------------FINISH-----------
vie dic 29 23:00:02 CST 2017 ------------BEGIN------------
vie dic 29 23:00:02 CST 2017 ------------FINISH-----------
sáb dic 30 23:00:01 CST 2017 ------------BEGIN------------
sáb dic 30 23:00:02 CST 2017 ------------FINISH-----------
dom dic 31 23:00:01 CST 2017 ------------BEGIN------------
dom dic 31 23:00:02 CST 2017 ------------FINISH-----------
lun ene 1 23:00:02 CST 2018 ------------BEGIN------------
lun ene 1 23:00:02 CST 2018 ------------FINISH-----------
mar ene 2 23:00:01 CST 2018 ------------BEGIN------------
mar ene 2 23:00:02 CST 2018 ------------FINISH-----------
mié ene 3 23:00:01 CST 2018 ------------BEGIN------------
mié ene 3 23:40:25 CST 2018 ------------FINISH-----------
jue ene 4 23:00:02 CST 2018 ------------BEGIN------------
jue ene 4 23:00:48 CST 2018 ------------FINISH-----------
vie ene 5 23:00:02 CST 2018 ------------BEGIN------------
vie ene 5 23:32:49 CST 2018 ------------FINISH-----------
sáb ene 6 23:00:01 CST 2018 ------------BEGIN------------
sáb ene 6 23:00:37 CST 2018 ------------FINISH-----------
dom ene 7 23:00:02 CST 2018 ------------BEGIN------------
dom ene 7 23:00:37 CST 2018 ------------FINISH-----------
lun ene 8 23:00:01 CST 2018 ------------BEGIN------------
lun ene 8 23:00:39 CST 2018 ------------FINISH-----------
mar ene 9 23:00:01 CST 2018 ------------BEGIN------------
mié ene 10 23:00:02 CST 2018 ------------BEGIN------------
jue ene 11 08:00:01 CST 2018 ------------FINISH-----------
jue ene 11 08:00:01 CST 2018 ------------FINISH-----------
jue ene 11 23:00:01 CST 2018 ------------BEGIN------------
vie ene 12 08:00:02 CST 2018 ------------FINISH-----------
vie ene 12 23:00:01 CST 2018 ------------BEGIN------------
sáb ene 13 08:00:01 CST 2018 ------------FINISH-----------
sáb ene 13 23:00:01 CST 2018 ------------BEGIN------------
dom ene 14 08:00:01 CST 2018 ------------FINISH-----------
dom ene 14 23:00:01 CST 2018 ------------BEGIN------------
lun ene 15 08:00:01 CST 2018 ------------FINISH-----------
lun ene 15 23:00:01 CST 2018 ------------BEGIN------------
mar ene 16 08:00:02 CST 2018 ------------FINISH-----------
mar ene 16 23:00:01 CST 2018 ------------BEGIN------------
mié ene 17 08:00:02 CST 2018 ------------FINISH-----------
mié ene 17 23:00:01 CST 2018 ------------BEGIN------------
jue ene 18 14:10:56 CST 2018 ------------FINISH-----------
jue ene 18 15:53:29 CST 2018 ------------BEGIN------------
jue ene 18 16:05:02 CST 2018 ------------BEGIN------------
jue ene 18 16:07:24 CST 2018 ------------BEGIN------------
jue ene 18 16:09:31 CST 2018 ------------BEGIN------------
jue ene 18 16:13:16 CST 2018 ------------BEGIN------------
jue ene 18 16:13:57 CST 2018 ------------BEGIN------------
jue ene 18 23:00:01 CST 2018 ------------BEGIN------------
vie ene 19 23:00:01 CST 2018 ------------BEGIN------------
sáb ene 20 23:00:01 CST 2018 ------------BEGIN------------
dom ene 21 23:00:01 CST 2018 ------------BEGIN------------
lun ene 22 23:00:01 CST 2018 ------------BEGIN------------
mar ene 23 23:00:01 CST 2018 ------------BEGIN------------
mié ene 24 23:00:02 CST 2018 ------------BEGIN------------
jue ene 25 23:00:01 CST 2018 ------------BEGIN------------
vie ene 26 23:00:01 CST 2018 ------------BEGIN------------
sáb ene 27 23:00:01 CST 2018 ------------BEGIN------------
dom ene 28 23:00:02 CST 2018 ------------BEGIN------------
lun ene 29 23:00:02 CST 2018 ------------BEGIN------------
mar ene 30 23:00:01 CST 2018 ------------BEGIN------------
mié ene 31 08:47:03 CST 2018 ------------BEGIN------------
